<?xml version="1.0" encoding="UTF-8"?>
<testng-results ignored="0" total="1" passed="1" failed="0" skipped="0">
  <reporter-output>
  </reporter-output>
  <suite started-at="2022-07-29T05:58:35Z" name="Suite" finished-at="2022-07-29T05:59:21Z" duration-ms="45452">
    <groups>
    </groups>
    <test started-at="2022-07-29T05:58:35Z" name="Test" finished-at="2022-07-29T05:59:21Z" duration-ms="45452">
      <class name="com.inetbanking.testCases.TC_LoginTest_001">
        <test-method is-config="true" signature="setup()[pri:0, instance:com.inetbanking.testCases.TC_LoginTest_001@54eb2b70]" started-at="2022-07-29T05:58:35Z" name="setup" finished-at="2022-07-29T05:59:17Z" duration-ms="41294" status="PASS">
          <reporter-output>
          </reporter-output>
        </test-method> <!-- setup -->
        <test-method signature="loginTest()[pri:0, instance:com.inetbanking.testCases.TC_LoginTest_001@54eb2b70]" started-at="2022-07-29T05:59:17Z" name="loginTest" finished-at="2022-07-29T05:59:20Z" duration-ms="3923" status="PASS">
          <reporter-output>
          </reporter-output>
        </test-method> <!-- loginTest -->
        <test-method is-config="true" signature="tearDown()[pri:0, instance:com.inetbanking.testCases.TC_LoginTest_001@54eb2b70]" started-at="2022-07-29T05:59:20Z" name="tearDown" finished-at="2022-07-29T05:59:21Z" duration-ms="213" status="PASS">
          <reporter-output>
          </reporter-output>
        </test-method> <!-- tearDown -->
      </class> <!-- com.inetbanking.testCases.TC_LoginTest_001 -->
    </test> <!-- Test -->
  </suite> <!-- Suite -->
</testng-results>
