<?xml version="1.0" encoding="UTF-8"?>
<testng-results ignored="0" total="1" passed="1" failed="0" skipped="0">
  <reporter-output>
  </reporter-output>
  <suite started-at="2022-07-26T20:15:57Z" name="Suite" finished-at="2022-07-26T20:16:30Z" duration-ms="32531">
    <groups>
    </groups>
    <test started-at="2022-07-26T20:15:57Z" name="Test" finished-at="2022-07-26T20:16:30Z" duration-ms="32531">
      <class name="com.inetbanking.testCases.TC_LoginTest_001">
        <test-method is-config="true" signature="setup()[pri:0, instance:com.inetbanking.testCases.TC_LoginTest_001@28cda624]" started-at="2022-07-26T20:15:57Z" name="setup" finished-at="2022-07-26T20:16:27Z" duration-ms="29560" status="PASS">
          <reporter-output>
          </reporter-output>
        </test-method> <!-- setup -->
        <test-method signature="loginTest()[pri:0, instance:com.inetbanking.testCases.TC_LoginTest_001@28cda624]" started-at="2022-07-26T20:16:27Z" name="loginTest" finished-at="2022-07-26T20:16:29Z" duration-ms="2635" status="PASS">
          <reporter-output>
          </reporter-output>
        </test-method> <!-- loginTest -->
        <test-method is-config="true" signature="tearDown()[pri:0, instance:com.inetbanking.testCases.TC_LoginTest_001@28cda624]" started-at="2022-07-26T20:16:29Z" name="tearDown" finished-at="2022-07-26T20:16:30Z" duration-ms="308" status="PASS">
          <reporter-output>
          </reporter-output>
        </test-method> <!-- tearDown -->
      </class> <!-- com.inetbanking.testCases.TC_LoginTest_001 -->
    </test> <!-- Test -->
  </suite> <!-- Suite -->
</testng-results>
